<?xml version="1.0" encoding="UTF-8" ?>
<testsuite tests="30" failures="0" name="com.sg.superherosightings.dao.SuperHeroSightingsDaoTest" time="4.391" errors="0" skipped="0">
  <properties>
[...]
</properties>
  <testcase classname="com.sg.superherosightings.dao.SuperHeroSightingsDaoTest" name="testGetAllHeroesVillains" time="1.064"/>
  <testcase classname="com.sg.superherosightings.dao.SuperHeroSightingsDaoTest" name="testDeleteOrganization" time="0.202"/>
  <testcase classname="com.sg.superherosightings.dao.SuperHeroSightingsDaoTest" name="testDeletePower" time="0.12"/>
  <testcase classname="com.sg.superherosightings.dao.SuperHeroSightingsDaoTest" name="testGetAllOrganizations" time="0.133"/>
  <testcase classname="com.sg.superherosightings.dao.SuperHeroSightingsDaoTest" name="testGetSightingsByHeroVillainId" time="0.169"/>
  <testcase classname="com.sg.superherosightings.dao.SuperHeroSightingsDaoTest" name="testUpdateHeroVillain" time="0.145"/>
  <testcase classname="com.sg.superherosightings.dao.SuperHeroSightingsDaoTest" name="testUpdateOrganization" time="0.137"/>
  <testcase classname="com.sg.superherosightings.dao.SuperHeroSightingsDaoTest" name="testDeleteLocation" time="0.103"/>
  <testcase classname="com.sg.superherosightings.dao.SuperHeroSightingsDaoTest" name="testAddSighting" time="0.128"/>
  <testcase classname="com.sg.superherosightings.dao.SuperHeroSightingsDaoTest" name="testUpdatePower" time="0.121"/>
  <testcase classname="com.sg.superherosightings.dao.SuperHeroSightingsDaoTest" name="testAddOrganization" time="0.114"/>
  <testcase classname="com.sg.superherosightings.dao.SuperHeroSightingsDaoTest" name="testGetHeroesByPowerId" time="0.129"/>
  <testcase classname="com.sg.superherosightings.dao.SuperHeroSightingsDaoTest" name="testGetAllSightings" time="0.134"/>
  <testcase classname="com.sg.superherosightings.dao.SuperHeroSightingsDaoTest" name="testGetOrganizationById" time="0.097"/>
  <testcase classname="com.sg.superherosightings.dao.SuperHeroSightingsDaoTest" name="testAddPower" time="0.074"/>
  <testcase classname="com.sg.superherosightings.dao.SuperHeroSightingsDaoTest" name="testGetSightingById" time="0.085"/>
  <testcase classname="com.sg.superherosightings.dao.SuperHeroSightingsDaoTest" name="testDeleteHeroVillain" time="0.095"/>
  <testcase classname="com.sg.superherosightings.dao.SuperHeroSightingsDaoTest" name="testUpdateSighting" time="0.103"/>
  <testcase classname="com.sg.superherosightings.dao.SuperHeroSightingsDaoTest" name="testGetHeroVillain" time="0.127"/>
  <testcase classname="com.sg.superherosightings.dao.SuperHeroSightingsDaoTest" name="testAddLocation" time="0.059"/>
  <testcase classname="com.sg.superherosightings.dao.SuperHeroSightingsDaoTest" name="testGetAllPowers" time="0.077"/>
  <testcase classname="com.sg.superherosightings.dao.SuperHeroSightingsDaoTest" name="testGetSightingByLocationId" time="0.127"/>
  <testcase classname="com.sg.superherosightings.dao.SuperHeroSightingsDaoTest" name="testAddHeroVillain" time="0.118"/>
  <testcase classname="com.sg.superherosightings.dao.SuperHeroSightingsDaoTest" name="testGetOrganizationsByHeroVillainId" time="0.105"/>
  <testcase classname="com.sg.superherosightings.dao.SuperHeroSightingsDaoTest" name="testDeleteSighting" time="0.148"/>
  <testcase classname="com.sg.superherosightings.dao.SuperHeroSightingsDaoTest" name="testGetAllLocations" time="0.078"/>
  <testcase classname="com.sg.superherosightings.dao.SuperHeroSightingsDaoTest" name="testGetLocationById" time="0.074"/>
  <testcase classname="com.sg.superherosightings.dao.SuperHeroSightingsDaoTest" name="testUpdateLocation" time="0.078"/>
  <testcase classname="com.sg.superherosightings.dao.SuperHeroSightingsDaoTest" name="testGetOrganizationsByLocationId" time="0.12"/>
  <testcase classname="com.sg.superherosightings.dao.SuperHeroSightingsDaoTest" name="testGetPowerById" time="0.127"/>
</testsuite>